Starting project at /Users/raghavganesh/Documents/Code Projects/Language Learning Project
Starting Metro Bundler
warning: Bundler cache is empty, rebuilding (this may take a minute)
The following packages should be updated for best compatibility with the installed expo version:
  @expo/metro-runtime@6.1.2 - expected version: ~3.1.3
  expo-av@16.0.8 - expected version: ~13.10.6
  expo-linear-gradient@12.6.0 - expected version: ~12.7.2
  react-native@0.73.2 - expected version: 0.73.6
Your project may not work correctly until you install the correct versions of the packages.
Waiting on http://localhost:8081
Logs for your project will appear below.
Web Bundled 2519ms (node_modules/expo/AppEntry.js)
Web Bundled 174ms (node_modules/expo/AppEntry.js)
Web Bundled 161ms (node_modules/expo/AppEntry.js)
Web Bundled 24ms (node_modules/expo/AppEntry.js)
Web Bundled 22ms (node_modules/expo/AppEntry.js)
Web Bundled 21ms (node_modules/expo/AppEntry.js)
Web Bundled 170ms (node_modules/expo/AppEntry.js)
Web Bundled 24ms (node_modules/expo/AppEntry.js)
Web Bundled 25ms (node_modules/expo/AppEntry.js)
Web Bundled 30ms (node_modules/expo/AppEntry.js)
Web Bundled 260ms (node_modules/expo/AppEntry.js)
Web Bundled 22ms (node_modules/expo/AppEntry.js)
Web Bundled 37ms (node_modules/expo/AppEntry.js)
Web Bundled 26ms (node_modules/expo/AppEntry.js)
Web Bundled 30ms (node_modules/expo/AppEntry.js)
Web Bundled 203ms (node_modules/expo/AppEntry.js)
Web Bundled 22ms (node_modules/expo/AppEntry.js)
Web Bundled 196ms (node_modules/expo/AppEntry.js)
Web Bundled 25ms (node_modules/expo/AppEntry.js)
Web Bundled 24ms (node_modules/expo/AppEntry.js)
Web Bundled 18ms (node_modules/expo/AppEntry.js)
Web Bundled 16ms (node_modules/expo/AppEntry.js)
Web Bundled 19ms (node_modules/expo/AppEntry.js)
Web Bundled 18ms (node_modules/expo/AppEntry.js)
Web Bundled 385ms (node_modules/expo/AppEntry.js)
